[debug] [2023-05-22T12:08:11.666Z] ----------------------------------------------------------------------
[debug] [2023-05-22T12:08:11.668Z] Command:       /home/darpan/.nvm/versions/node/v20.1.0/bin/node /home/darpan/.nvm/versions/node/v20.1.0/bin/firebase init hosting
[debug] [2023-05-22T12:08:11.668Z] CLI Version:   12.1.0
[debug] [2023-05-22T12:08:11.668Z] Platform:      linux
[debug] [2023-05-22T12:08:11.668Z] Node Version:  v20.1.0
[debug] [2023-05-22T12:08:11.668Z] Time:          Mon May 22 2023 17:38:11 GMT+0530 (India Standard Time)
[debug] [2023-05-22T12:08:11.668Z] ----------------------------------------------------------------------
[debug] 
[debug] [2023-05-22T12:08:11.673Z] > command requires scopes: ["email","openid","https://www.googleapis.com/auth/cloudplatformprojects.readonly","https://www.googleapis.com/auth/firebase","https://www.googleapis.com/auth/cloud-platform"]
[debug] [2023-05-22T12:08:11.673Z] > authorizing via signed-in user (darpanneve3@gmail.com)
[info] 
     ######## #### ########  ######## ########     ###     ######  ########
     ##        ##  ##     ## ##       ##     ##  ##   ##  ##       ##
     ######    ##  ########  ######   ########  #########  ######  ######
     ##        ##  ##    ##  ##       ##     ## ##     ##       ## ##
     ##       #### ##     ## ######## ########  ##     ##  ######  ########

You're about to initialize a Firebase project in this directory:

  /home/darpan/Medilab/Medilab

[info] 
=== Project Setup
[info] 
[info] First, let's associate this project directory with a Firebase project.
[info] You can create multiple project aliases by running firebase use --add, 
[info] but for now we'll just set up a default project.
[info] 
[debug] [2023-05-22T12:08:14.195Z] >>> [apiv2][query] GET https://firebase.googleapis.com/v1beta1/projects pageSize=100
[debug] [2023-05-22T12:08:18.296Z] Failed to make request to https://firebase.googleapis.com/v1beta1/projects?pageSize=100
[debug] [2023-05-22T12:08:18.487Z] FirebaseError: Failed to make request to https://firebase.googleapis.com/v1beta1/projects?pageSize=100
    at RetryOperation._fn (/home/darpan/.nvm/versions/node/v20.1.0/lib/node_modules/firebase-tools/lib/apiv2.js:242:31)
    at process.processTicksAndRejections (node:internal/process/task_queues:95:5)
[error] 
[error] Error: Failed to list Firebase projects. See firebase-debug.log for more info.
